{"D:\\Juego\\cosas\\curso-node-js\\proyectoNodeCrud\\src\\index.js": {"path":"D:\\Juego\\cosas\\curso-node-js\\proyectoNodeCrud\\src\\index.js","statementMap":{"0":{"start":{"line":7,"column":10},"end":{"line":7,"column":19}},"1":{"start":{"line":11,"column":0},"end":{"line":11,"column":45}},"2":{"start":{"line":12,"column":0},"end":{"line":12,"column":23}},"3":{"start":{"line":13,"column":0},"end":{"line":13,"column":22}},"4":{"start":{"line":14,"column":0},"end":{"line":14,"column":74}},"5":{"start":{"line":15,"column":9},"end":{"line":15,"column":28}},"6":{"start":{"line":17,"column":0},"end":{"line":17,"column":28}},"7":{"start":{"line":19,"column":0},"end":{"line":21,"column":3}},"8":{"start":{"line":20,"column":4},"end":{"line":20,"column":55}}},"fnMap":{"0":{"name":"(anonymous_0)","decl":{"start":{"line":19,"column":22},"end":{"line":19,"column":23}},"loc":{"start":{"line":19,"column":28},"end":{"line":21,"column":1}},"line":19}},"branchMap":{},"s":{"0":1,"1":1,"2":1,"3":1,"4":1,"5":1,"6":1,"7":1,"8":1},"f":{"0":1},"b":{},"_coverageSchema":"1a1c01bbd47fc00a2c39e90264f33305004495a9","hash":"f29414a8980d7de90c9060d410ba99cc89aaa58a"}
,"D:\\Juego\\cosas\\curso-node-js\\proyectoNodeCrud\\src\\config\\env.js": {"path":"D:\\Juego\\cosas\\curso-node-js\\proyectoNodeCrud\\src\\config\\env.js","statementMap":{"0":{"start":{"line":3,"column":0},"end":{"line":3,"column":8}},"1":{"start":{"line":5,"column":20},"end":{"line":7,"column":1}}},"fnMap":{},"branchMap":{},"s":{"0":1,"1":1},"f":{},"b":{},"_coverageSchema":"1a1c01bbd47fc00a2c39e90264f33305004495a9","hash":"4e6af343126d8bb4443ce40ac8af76af8161b8ce"}
,"D:\\Juego\\cosas\\curso-node-js\\proyectoNodeCrud\\src\\controllers\\book.controller.js": {"path":"D:\\Juego\\cosas\\curso-node-js\\proyectoNodeCrud\\src\\controllers\\book.controller.js","statementMap":{"0":{"start":{"line":5,"column":24},"end":{"line":15,"column":1}},"1":{"start":{"line":6,"column":4},"end":{"line":14,"column":5}},"2":{"start":{"line":7,"column":21},"end":{"line":7,"column":44}},"3":{"start":{"line":8,"column":8},"end":{"line":10,"column":9}},"4":{"start":{"line":9,"column":12},"end":{"line":9,"column":43}},"5":{"start":{"line":11,"column":8},"end":{"line":11,"column":47}},"6":{"start":{"line":13,"column":8},"end":{"line":13,"column":56}},"7":{"start":{"line":18,"column":27},"end":{"line":37,"column":1}},"8":{"start":{"line":19,"column":4},"end":{"line":36,"column":5}},"9":{"start":{"line":20,"column":23},"end":{"line":20,"column":33}},"10":{"start":{"line":23,"column":8},"end":{"line":25,"column":9}},"11":{"start":{"line":24,"column":12},"end":{"line":24,"column":87}},"12":{"start":{"line":27,"column":21},"end":{"line":27,"column":50}},"13":{"start":{"line":29,"column":8},"end":{"line":31,"column":9}},"14":{"start":{"line":30,"column":12},"end":{"line":30,"column":76}},"15":{"start":{"line":33,"column":8},"end":{"line":33,"column":75}},"16":{"start":{"line":35,"column":8},"end":{"line":35,"column":73}},"17":{"start":{"line":39,"column":24},"end":{"line":58,"column":1}},"18":{"start":{"line":40,"column":4},"end":{"line":57,"column":5}},"19":{"start":{"line":41,"column":59},"end":{"line":41,"column":67}},"20":{"start":{"line":44,"column":8},"end":{"line":46,"column":9}},"21":{"start":{"line":45,"column":12},"end":{"line":45,"column":79}},"22":{"start":{"line":49,"column":24},"end":{"line":49,"column":91}},"23":{"start":{"line":51,"column":8},"end":{"line":54,"column":11}},"24":{"start":{"line":56,"column":8},"end":{"line":56,"column":73}}},"fnMap":{"0":{"name":"(anonymous_0)","decl":{"start":{"line":5,"column":24},"end":{"line":5,"column":25}},"loc":{"start":{"line":5,"column":44},"end":{"line":15,"column":1}},"line":5},"1":{"name":"(anonymous_1)","decl":{"start":{"line":18,"column":27},"end":{"line":18,"column":28}},"loc":{"start":{"line":18,"column":47},"end":{"line":37,"column":1}},"line":18},"2":{"name":"(anonymous_2)","decl":{"start":{"line":39,"column":24},"end":{"line":39,"column":25}},"loc":{"start":{"line":39,"column":44},"end":{"line":58,"column":1}},"line":39}},"branchMap":{"0":{"loc":{"start":{"line":8,"column":8},"end":{"line":10,"column":9}},"type":"if","locations":[{"start":{"line":8,"column":8},"end":{"line":10,"column":9}},{"start":{},"end":{}}],"line":8},"1":{"loc":{"start":{"line":23,"column":8},"end":{"line":25,"column":9}},"type":"if","locations":[{"start":{"line":23,"column":8},"end":{"line":25,"column":9}},{"start":{},"end":{}}],"line":23},"2":{"loc":{"start":{"line":29,"column":8},"end":{"line":31,"column":9}},"type":"if","locations":[{"start":{"line":29,"column":8},"end":{"line":31,"column":9}},{"start":{},"end":{}}],"line":29},"3":{"loc":{"start":{"line":44,"column":8},"end":{"line":46,"column":9}},"type":"if","locations":[{"start":{"line":44,"column":8},"end":{"line":46,"column":9}},{"start":{},"end":{}}],"line":44},"4":{"loc":{"start":{"line":44,"column":12},"end":{"line":44,"column":60}},"type":"binary-expr","locations":[{"start":{"line":44,"column":12},"end":{"line":44,"column":18}},{"start":{"line":44,"column":22},"end":{"line":44,"column":29}},{"start":{"line":44,"column":33},"end":{"line":44,"column":39}},{"start":{"line":44,"column":43},"end":{"line":44,"column":60}}],"line":44}},"s":{"0":2,"1":2,"2":2,"3":2,"4":1,"5":1,"6":0,"7":2,"8":4,"9":4,"10":4,"11":1,"12":3,"13":2,"14":1,"15":1,"16":1,"17":2,"18":3,"19":3,"20":3,"21":1,"22":2,"23":1,"24":1},"f":{"0":2,"1":4,"2":3},"b":{"0":[1,1],"1":[1,3],"2":[1,1],"3":[1,2],"4":[3,3,3,2]},"_coverageSchema":"1a1c01bbd47fc00a2c39e90264f33305004495a9","hash":"aed8a7b66e5c917cfed0f2de05264e8d51334711"}
,"D:\\Juego\\cosas\\curso-node-js\\proyectoNodeCrud\\src\\models\\book.models.js": {"path":"D:\\Juego\\cosas\\curso-node-js\\proyectoNodeCrud\\src\\models\\book.models.js","statementMap":{"0":{"start":{"line":3,"column":18},"end":{"line":8,"column":2}}},"fnMap":{},"branchMap":{},"s":{"0":2},"f":{},"b":{},"_coverageSchema":"1a1c01bbd47fc00a2c39e90264f33305004495a9","hash":"57c8adf4be0c3fbf49bdf053ec9783f5562f91f0"}
,"D:\\Juego\\cosas\\curso-node-js\\proyectoNodeCrud\\src\\routes\\book.routes.js": {"path":"D:\\Juego\\cosas\\curso-node-js\\proyectoNodeCrud\\src\\routes\\book.routes.js","statementMap":{"0":{"start":{"line":5,"column":16},"end":{"line":5,"column":24}},"1":{"start":{"line":10,"column":0},"end":{"line":10,"column":30}},"2":{"start":{"line":14,"column":0},"end":{"line":14,"column":30}},"3":{"start":{"line":16,"column":0},"end":{"line":16,"column":36}}},"fnMap":{},"branchMap":{},"s":{"0":1,"1":1,"2":1,"3":1},"f":{},"b":{},"_coverageSchema":"1a1c01bbd47fc00a2c39e90264f33305004495a9","hash":"6581e08dc5ab7226626db807c2d0854fbe906a51"}
}
