TN:
SF:src\index.js
FN:19,(anonymous_0)
FNF:1
FNH:1
FNDA:1,(anonymous_0)
DA:7,1
DA:11,1
DA:12,1
DA:13,1
DA:14,1
DA:15,1
DA:17,1
DA:19,1
DA:20,1
LF:9
LH:9
BRF:0
BRH:0
end_of_record
TN:
SF:src\config\env.js
FNF:0
FNH:0
DA:3,1
DA:5,1
LF:2
LH:2
BRF:0
BRH:0
end_of_record
TN:
SF:src\controllers\book.controller.js
FN:5,(anonymous_0)
FN:18,(anonymous_1)
FN:39,(anonymous_2)
FNF:3
FNH:3
FNDA:2,(anonymous_0)
FNDA:4,(anonymous_1)
FNDA:3,(anonymous_2)
DA:5,2
DA:6,2
DA:7,2
DA:8,2
DA:9,1
DA:11,1
DA:13,0
DA:18,2
DA:19,4
DA:20,4
DA:23,4
DA:24,1
DA:27,3
DA:29,2
DA:30,1
DA:33,1
DA:35,1
DA:39,2
DA:40,3
DA:41,3
DA:44,3
DA:45,1
DA:49,2
DA:51,1
DA:56,1
LF:25
LH:24
BRDA:8,0,0,1
BRDA:8,0,1,1
BRDA:23,1,0,1
BRDA:23,1,1,3
BRDA:29,2,0,1
BRDA:29,2,1,1
BRDA:44,3,0,1
BRDA:44,3,1,2
BRDA:44,4,0,3
BRDA:44,4,1,3
BRDA:44,4,2,3
BRDA:44,4,3,2
BRF:12
BRH:12
end_of_record
TN:
SF:src\models\book.models.js
FNF:0
FNH:0
DA:3,2
LF:1
LH:1
BRF:0
BRH:0
end_of_record
TN:
SF:src\routes\book.routes.js
FNF:0
FNH:0
DA:5,1
DA:10,1
DA:14,1
DA:16,1
LF:4
LH:4
BRF:0
BRH:0
end_of_record
